This file contains any messages produced by compilers while
running configure, to aid debugging if configure makes a mistake.

It was created by configure, which was
generated by GNU Autoconf 2.52.20181006.  Invocation command line was

  $ ./configure --prefix=/home/steven/dotfiles/TMUX/ncurses/../build/

## ---------- ##
## Platform.  ##
## ---------- ##

hostname = Hyperion
uname -m = x86_64
uname -r = 4.15.0-55-generic
uname -s = Linux
uname -v = #60-Ubuntu SMP Tue Jul 2 18:22:20 UTC 2019

/usr/bin/uname -p = unknown
/bin/uname -X     = unknown

/bin/arch              = unknown
/usr/bin/arch -k       = unknown
/usr/convex/getsysinfo = unknown
hostinfo               = unknown
/bin/machine           = unknown
/usr/bin/oslevel       = unknown
/bin/universe          = unknown

PATH = /home/steven/.local/bin:/home/steven/bin:/home/steven/.local/bin:/home/steven/bin:/usr/local/sbin:/usr/local/bin:/usr/sbin:/usr/bin:/sbin:/bin:/usr/games:/usr/local/games:/snap/bin:/usr/local/go/bin:/home/steven/bin:/usr/local/go/bin:/home/steven/bin

## ------------ ##
## Core tests.  ##
## ------------ ##

configure:1149: PATH=".;."; conftest.sh
./configure: 1150: ./configure: conftest.sh: not found
configure:1152: $? = 127
configure:1165: checking for egrep
configure:1175: result: grep -E
configure:1189: result: Configuring NCURSES 6.1 ABI 6 (Wed Jul 24 09:27:55 PDT 2019)
configure:1193: checking for package version
configure:1214: result: 6.1
configure:1217: checking for package patch date
configure:1234: result: 20190720
configure:1245: testing ABI VERSION 5:0:10 ...
configure:1249: testing VERSION_MAJOR 6 ...
configure:1253: testing VERSION_MINOR 1 ...
configure:1257: testing VERSION_PATCH 20190720 ...
configure:1399: checking build system type
configure:1417: result: x86_64-pc-linux-gnu
configure:1424: checking host system type
configure:1438: result: x86_64-pc-linux-gnu
configure:1446: checking target system type
configure:1460: result: x86_64-pc-linux-gnu
configure:1492: result: Configuring for linux-gnu
configure:1518: checking for prefix
configure:1530: result: /home/steven/dotfiles/TMUX/ncurses/../build/
configure:1659: checking for gnatgcc
configure:1685: result: no
configure:1659: checking for gcc
configure:1674: found /usr/bin/gcc
configure:1682: result: gcc
configure:1700: checking for C compiler version
configure:1703: gcc --version </dev/null >&5
gcc (Ubuntu 7.4.0-1ubuntu1~18.04.1) 7.4.0
Copyright (C) 2017 Free Software Foundation, Inc.
This is free software; see the source for copying conditions.  There is NO
warranty; not even for MERCHANTABILITY or FITNESS FOR A PARTICULAR PURPOSE.

configure:1706: $? = 0
configure:1708: gcc -v </dev/null >&5
Using built-in specs.
COLLECT_GCC=gcc
COLLECT_LTO_WRAPPER=/usr/lib/gcc/x86_64-linux-gnu/7/lto-wrapper
OFFLOAD_TARGET_NAMES=nvptx-none
OFFLOAD_TARGET_DEFAULT=1
Target: x86_64-linux-gnu
Configured with: ../src/configure -v --with-pkgversion='Ubuntu 7.4.0-1ubuntu1~18.04.1' --with-bugurl=file:///usr/share/doc/gcc-7/README.Bugs --enable-languages=c,ada,c++,go,brig,d,fortran,objc,obj-c++ --prefix=/usr --with-gcc-major-version-only --program-suffix=-7 --program-prefix=x86_64-linux-gnu- --enable-shared --enable-linker-build-id --libexecdir=/usr/lib --without-included-gettext --enable-threads=posix --libdir=/usr/lib --enable-nls --with-sysroot=/ --enable-clocale=gnu --enable-libstdcxx-debug --enable-libstdcxx-time=yes --with-default-libstdcxx-abi=new --enable-gnu-unique-object --disable-vtable-verify --enable-libmpx --enable-plugin --enable-default-pie --with-system-zlib --with-target-system-zlib --enable-objc-gc=auto --enable-multiarch --disable-werror --with-arch-32=i686 --with-abi=m64 --with-multilib-list=m32,m64,mx32 --enable-multilib --with-tune=generic --enable-offload-targets=nvptx-none --without-cuda-driver --enable-checking=release --build=x86_64-linux-gnu --host=x86_64-linux-gnu --target=x86_64-linux-gnu
Thread model: posix
gcc version 7.4.0 (Ubuntu 7.4.0-1ubuntu1~18.04.1) 
configure:1711: $? = 0
configure:1713: gcc -V </dev/null >&5
gcc: error: unrecognized command line option '-V'
gcc: fatal error: no input files
compilation terminated.
configure:1716: $? = 1
configure:1736: checking for C compiler default output
configure:1739: gcc    conftest.c  >&5
configure:1742: $? = 0
configure:1771: result: a.out
configure:1776: checking whether the C compiler works
configure:1782: ./a.out
configure:1785: $? = 0
configure:1800: result: yes
configure:1807: checking whether we are cross compiling
configure:1809: result: no
configure:1812: checking for executable suffix
configure:1814: gcc -o conftest    conftest.c  >&5
configure:1817: $? = 0
configure:1839: result: 
configure:1845: checking for object suffix
configure:1863: gcc -c   conftest.c >&5
configure:1866: $? = 0
configure:1885: result: o
configure:1889: checking whether we are using the GNU C compiler
configure:1910: gcc -c   conftest.c >&5
configure:1913: $? = 0
configure:1916: test -s conftest.o
configure:1919: $? = 0
configure:1931: result: yes
configure:1937: checking whether gcc accepts -g
configure:1955: gcc -c -g  conftest.c >&5
configure:1958: $? = 0
configure:1961: test -s conftest.o
configure:1964: $? = 0
configure:1974: result: yes
configure:2001: gcc -c -g -O2  conftest.c >&5
conftest.c:2:3: error: unknown type name 'choke'
   choke me
   ^~~~~
conftest.c:2:3: error: expected '=', ',', ';', 'asm' or '__attribute__' at end of input
configure:2004: $? = 1
configure: failed program was:
#ifndef __cplusplus
  choke me
#endif
configure:2105: checking version of gcc
configure:2109: result: 7.4.0
configure:2113: checking for gcc option to accept ANSI C
configure:2170: gcc  -c -g -O2  conftest.c >&5
configure:2173: $? = 0
configure:2176: test -s conftest.o
configure:2179: $? = 0
configure:2196: result: none needed
configure:2207: checking $CFLAGS variable
configure:2321: result: ok
configure:2326: checking $CC variable
configure:2461: result: ok
configure:2472: checking how to run the C preprocessor
configure:2498: gcc -E  conftest.c
configure:2504: $? = 0
configure:2531: gcc -E  conftest.c
configure:2528:10: fatal error: ac_nonexistent.h: No such file or directory
 #include "confdefs.h"
          ^~~~~~~~~~~~      
compilation terminated.
configure:2537: $? = 1
configure: failed program was:
#line 2527 "configure"
#include "confdefs.h"
#include <ac_nonexistent.h>
configure:2574: result: gcc -E
configure:2589: gcc -E  conftest.c
configure:2595: $? = 0
configure:2622: gcc -E  conftest.c
configure:2619:10: fatal error: ac_nonexistent.h: No such file or directory
 #include "confdefs.h"
          ^~~~~~~~~~~~      
compilation terminated.
configure:2628: $? = 1
configure: failed program was:
#line 2618 "configure"
#include "confdefs.h"
#include <ac_nonexistent.h>
configure:2669: checking whether gcc needs -traditional
configure:2704: result: no
configure:2711: checking whether gcc understands -c and -o together
configure:2726: gcc -g -O2  -c conftest.c -o conftest2.o >&5
configure:2729: $? = 0
configure:2731: gcc -g -O2  -c conftest.c -o conftest2.o >&5
configure:2734: $? = 0
configure:2745: result: yes
configure:2762: checking for ldconfig
configure:2779: found /sbin/ldconfig
configure:2790: result: /sbin/ldconfig
configure:2801: checking if you want to ensure bool is consistent with C++
configure:2811: result: yes
configure:2868: checking for g++
configure:2883: found /usr/bin/g++
configure:2891: result: g++
configure:2906: checking for C++ compiler version
configure:2909: g++ --version </dev/null >&5
g++ (Ubuntu 7.4.0-1ubuntu1~18.04.1) 7.4.0
Copyright (C) 2017 Free Software Foundation, Inc.
This is free software; see the source for copying conditions.  There is NO
warranty; not even for MERCHANTABILITY or FITNESS FOR A PARTICULAR PURPOSE.

configure:2912: $? = 0
configure:2914: g++ -v </dev/null >&5
Using built-in specs.
COLLECT_GCC=g++
COLLECT_LTO_WRAPPER=/usr/lib/gcc/x86_64-linux-gnu/7/lto-wrapper
OFFLOAD_TARGET_NAMES=nvptx-none
OFFLOAD_TARGET_DEFAULT=1
Target: x86_64-linux-gnu
Configured with: ../src/configure -v --with-pkgversion='Ubuntu 7.4.0-1ubuntu1~18.04.1' --with-bugurl=file:///usr/share/doc/gcc-7/README.Bugs --enable-languages=c,ada,c++,go,brig,d,fortran,objc,obj-c++ --prefix=/usr --with-gcc-major-version-only --program-suffix=-7 --program-prefix=x86_64-linux-gnu- --enable-shared --enable-linker-build-id --libexecdir=/usr/lib --without-included-gettext --enable-threads=posix --libdir=/usr/lib --enable-nls --with-sysroot=/ --enable-clocale=gnu --enable-libstdcxx-debug --enable-libstdcxx-time=yes --with-default-libstdcxx-abi=new --enable-gnu-unique-object --disable-vtable-verify --enable-libmpx --enable-plugin --enable-default-pie --with-system-zlib --with-target-system-zlib --enable-objc-gc=auto --enable-multiarch --disable-werror --with-arch-32=i686 --with-abi=m64 --with-multilib-list=m32,m64,mx32 --enable-multilib --with-tune=generic --enable-offload-targets=nvptx-none --without-cuda-driver --enable-checking=release --build=x86_64-linux-gnu --host=x86_64-linux-gnu --target=x86_64-linux-gnu
Thread model: posix
gcc version 7.4.0 (Ubuntu 7.4.0-1ubuntu1~18.04.1) 
configure:2917: $? = 0
configure:2919: g++ -V </dev/null >&5
g++: error: unrecognized command line option '-V'
g++: fatal error: no input files
compilation terminated.
configure:2922: $? = 1
configure:2925: checking whether we are using the GNU C++ compiler
configure:2946: g++ -c   conftest.cc >&5
configure:2949: $? = 0
configure:2952: test -s conftest.o
configure:2955: $? = 0
configure:2967: result: yes
configure:2973: checking whether g++ accepts -g
configure:2991: g++ -c -g  conftest.cc >&5
configure:2994: $? = 0
configure:2997: test -s conftest.o
configure:3000: $? = 0
configure:3010: result: yes
configure:3050: g++ -c -g -O2  conftest.cc >&5
configure:3053: $? = 0
configure:3056: test -s conftest.o
configure:3059: $? = 0
configure:3081: g++ -c -g -O2  conftest.cc >&5
configure: In function 'int main()':
configure:3074:1: error: 'exit' was not declared in this scope
 {
 ^   
configure:3084: $? = 1
configure: failed program was:
#line 3069 "configure"
#include "confdefs.h"

int
main (void)
{
exit (42);
  ;
  return 0;
}
configure:3050: g++ -c -g -O2  conftest.cc >&5
configure:3053: $? = 0
configure:3056: test -s conftest.o
configure:3059: $? = 0
configure:3081: g++ -c -g -O2  conftest.cc >&5
configure:3084: $? = 0
configure:3087: test -s conftest.o
configure:3090: $? = 0
configure:3124: checking if g++ works
configure:3149: g++ -c -g -O2  -I/home/steven/dotfiles/TMUX/ncurses/../build//include conftest.cc >&5
configure:3152: $? = 0
configure:3155: test -s conftest.o
configure:3158: $? = 0
configure:3169: result: yes
configure:3189: checking for g++
configure:3206: found /usr/bin/g++
configure:3217: result: /usr/bin/g++
configure:3236: checking version of /usr/bin/g++
configure:3244: result: 7.4.0
configure:3257: checking if you want to build C++ binding and demo
configure:3267: result: yes
configure:3270: checking if you want to build with Ada95
configure:3272: result: yes
configure:3275: checking if you want to install terminal database
configure:3285: result: yes
configure:3288: checking if you want to install manpages
configure:3298: result: yes
configure:3301: checking if you want to build programs such as tic
configure:3311: result: yes
configure:3339: checking if you want to build test-programs
configure:3349: result: yes
configure:3352: checking if you wish to install curses.h
configure:3362: result: yes
configure:3387: checking for mawk
configure:3402: found /usr/bin/mawk
configure:3410: result: mawk
configure:3424: checking for egrep
configure:3434: result: grep -E
configure:3454: checking for a BSD compatible install
configure:3503: result: /usr/bin/install -c
configure:3528: checking for lint
configure:3554: result: no
configure:3528: checking for cppcheck
configure:3554: result: no
configure:3528: checking for splint
configure:3554: result: no
configure:3561: checking whether ln -s works
configure:3565: result: yes
configure:3572: checking if ln -s -f options work
configure:3584: result: yes
configure:3589: checking for long file names
configure:3628: result: yes
configure:3657: checking if you want to use pkg-config
configure:3667: result: yes
configure:3719: checking for pkg-config
configure:3736: found /usr/bin/pkg-config
configure:3748: result: /usr/bin/pkg-config
configure:3811: checking for /usr/bin/pkg-config library directory
configure:3866: testing list... ...
configure:3872: testing checking /usr/lib/x86_64-linux-gnu/pkgconfig ...
configure:3877: checking done
configure:3888: result: /usr/lib/x86_64-linux-gnu/pkgconfig
configure:3894: checking if we should install .pc files for /usr/bin/pkg-config
configure:3908: result: no
configure:3981: checking if we should assume mixed-case filenames
configure:3991: result: auto
configure:3995: checking if filesystem supports mixed-case filenames
configure:4022: result: yes
configure:4041: checking whether make sets ${MAKE}
configure:4061: result: yes
configure:4074: checking for exctags
configure:4100: result: no
configure:4074: checking for ctags
configure:4100: result: no
configure:4111: checking for exetags
configure:4137: result: no
configure:4111: checking for etags
configure:4137: result: no
configure:4146: checking for ctags
configure:4170: result: no
configure:4180: checking for etags
configure:4204: result: no
configure:4227: checking for makeflags variable
configure:4265: result: 
configure:4306: checking for ranlib
configure:4321: found /usr/bin/ranlib
configure:4330: result: ranlib
configure:4380: checking for ld
configure:4395: found /usr/bin/ld
configure:4404: result: ld
configure:4454: checking for ar
configure:4469: found /usr/bin/ar
configure:4478: result: ar
configure:4528: checking for nm
configure:4543: found /usr/bin/nm
configure:4552: result: nm
configure:4602: checking for ar
configure:4626: result: ar
configure:4638: checking for options to update archives
configure:4664: gcc -c -g -O2  conftest.c >&5
configure:4667: $? = 0
ar  -curvU conftest.a conftest.o
configure:4686: result: -curvU
configure:4697: checking if you have specified an install-prefix
configure:4710: result: 
configure:4867: checking if libtool -version-number should be used
configure:4884: result: yes
configure:4933: checking if you want to build libraries with libtool
configure:4943: result: no
configure:5241: checking if you want to build shared libraries
configure:5251: result: no
configure:5255: checking if you want to build static libraries
configure:5265: result: yes
configure:5269: checking if you want to build debug libraries
configure:5279: result: yes
configure:5283: checking if you want to build profiling libraries
configure:5293: result: no
configure:5318: checking for specified models
configure:5322: result:  normal debug
configure:5327: checking for default model
configure:5330: result: normal
configure:5344: checking if you want to have a library-prefix
configure:5354: result: auto
configure:5382: checking for PATH separator
configure:5389: result: :
configure:5394: checking if you want to build a separate terminfo library
configure:5404: result: no
configure:5407: checking if you want to build a separate tic library
configure:5417: result: no
configure:5430: checking for default loader flags
configure:5439: result: 
configure:5479: checking for an rpath option
configure:5510: result: -Wl,-rpath,
configure:5589: checking if release/abi version should be used for shared libs
configure:5615: result: auto
configure:5638: checking which gcc option to use
configure:5657: gcc -c -g -O2 -fPIC  conftest.c >&5
configure:5660: $? = 0
configure:5663: test -s conftest.o
configure:5666: $? = 0
configure:5675: result: -fPIC
configure:6118: testing CC_SHARED_OPTS: -fPIC ...
configure:6122: testing MK_SHARED_LIB:  ${CC} ${LDFLAGS} ${CFLAGS} -shared -Wl,-soname,`basename $@ .${REL_VERSION}`.${ABI_VERSION},-stats,-lc -o $@ ...
configure:6374: checking if you want to link with the GPM mouse library
configure:6384: result: maybe
configure:6388: checking for gpm.h
configure:6398: gcc -E  conftest.c
configure:6395:10: fatal error: gpm.h: No such file or directory
 #include "confdefs.h"
          ^~~~~~~
compilation terminated.
configure:6404: $? = 1
configure: failed program was:
#line 6394 "configure"
#include "confdefs.h"
#include <gpm.h>
configure:6423: result: no
configure:6964: checking if you want to use PCRE2 for regular-expressions
configure:6973: result: no
configure:7526: checking if you want to disable library suffixes
configure:7543: result: no
configure:7807: checking if you wish to append extra suffix to header/library paths
configure:7826: result: 
configure:7830: checking if you wish to install ncurses overwriting curses
configure:7840: result: no
configure:7843: checking if external terminfo-database is used
configure:7853: result: yes
configure:7869: checking which terminfo source-file will be installed
configure:7877: result: ${top_srcdir}/misc/terminfo.src
configure:7880: checking whether to use hashed database instead of directory/tree
configure:7890: result: no
configure:7896: checking for list of fallback descriptions
configure:7906: result: 
configure:8254: checking if you want modern xterm or antique
configure:8268: result: xterm-new
configure:8272: checking if xterm backspace sends BS or DEL
configure:8293: result: BS
configure:8303: checking for list of terminfo directories
configure:8366: result: /home/steven/dotfiles/TMUX/ncurses/../build//share/terminfo
configure:8381: checking for default terminfo directory
configure:8426: result: /home/steven/dotfiles/TMUX/ncurses/../build//share/terminfo
configure:8437: checking if big-core option selected
configure:8463: gcc -o conftest -g -O2   conftest.c  >&5
configure:8466: $? = 0
configure:8468: ./conftest
configure:8471: $? = 0
configure:8483: result: yes
configure:8493: checking if big-strings option selected
configure:8517: result: yes
configure:8524: checking if you want termcap-fallback support
configure:8534: result: no
configure:8668: checking if ~/.terminfo is wanted
configure:8678: result: yes
configure:8685: checking if you want to use restricted environment when running as root
configure:8695: result: yes
configure:8710: checking for unistd.h
configure:8720: gcc -E  conftest.c
configure:8726: $? = 0
configure:8745: result: yes
configure:8760: checking for remove
configure:8797: gcc -o conftest -g -O2   conftest.c  >&5
configure:8800: $? = 0
configure:8803: test -s conftest
configure:8806: $? = 0
configure:8816: result: yes
configure:8760: checking for unlink
configure:8797: gcc -o conftest -g -O2   conftest.c  >&5
configure:8800: $? = 0
configure:8803: test -s conftest
configure:8806: $? = 0
configure:8816: result: yes
configure:8900: checking if link/symlink functions work
configure:8943: gcc -o conftest -g -O2   conftest.c  >&5
configure:8946: $? = 0
configure:8948: ./conftest
configure:8951: $? = 0
configure:8943: gcc -o conftest -g -O2   conftest.c  >&5
configure:8946: $? = 0
configure:8948: ./conftest
configure:8951: $? = 0
configure:8969: result:  link symlink
configure:8989: checking if tic should use symbolic links
configure:8999: result: no
configure:9006: checking if tic should use hard links
configure:9013: result: yes
configure:9028: checking if you want broken-linker support code
configure:9038: result: no
configure:9067: checking if tputs should process BSD-style prefix padding
configure:9077: result: no
configure:9096: checking if the POSIX test-macros are already defined
configure:9122: gcc -c -g -O2  conftest.c >&5
configure:9125: $? = 0
configure:9128: test -s conftest.o
configure:9131: $? = 0
configure:9142: result: no
configure:9187: checking if this is the GNU C library
configure:9213: gcc -c -g -O2  conftest.c >&5
configure:9216: $? = 0
configure:9219: test -s conftest.o
configure:9222: $? = 0
configure:9233: result: yes
configure:9241: checking if _DEFAULT_SOURCE can be used as a basis
configure:9272: gcc -c -g -O2 -D_DEFAULT_SOURCE conftest.c >&5
configure:9275: $? = 0
configure:9278: test -s conftest.o
configure:9281: $? = 0
configure:9293: result: yes
configure:9298: checking if _XOPEN_SOURCE=600 works with _DEFAULT_SOURCE
configure:9423: gcc -c -g -O2 -D_DEFAULT_SOURCE -D_XOPEN_SOURCE=600 conftest.c >&5
configure:9426: $? = 0
configure:9429: test -s conftest.o
configure:9432: $? = 0
configure:9443: result: yes
configure:10580: checking if _XOPEN_SOURCE really is set
configure:10598: gcc -c -g -O2 -D_DEFAULT_SOURCE -D_XOPEN_SOURCE=600 conftest.c >&5
configure:10601: $? = 0
configure:10604: test -s conftest.o
configure:10607: $? = 0
configure:10616: result: yes
configure:10636: gcc -c -g -O2 -D_DEFAULT_SOURCE -D_XOPEN_SOURCE=600 conftest.c >&5
configure:10639: $? = 0
configure:10642: test -s conftest.o
configure:10645: $? = 0
configure:10874: checking if SIGWINCH is defined
configure:10896: gcc -c -g -O2 -D_DEFAULT_SOURCE -D_XOPEN_SOURCE=600 conftest.c >&5
configure:10899: $? = 0
configure:10902: test -s conftest.o
configure:10905: $? = 0
configure:10953: result: yes
configure:11023: checking for nl_langinfo and CODESET
configure:11041: gcc -o conftest -g -O2 -D_DEFAULT_SOURCE -D_XOPEN_SOURCE=600  conftest.c  >&5
configure:11044: $? = 0
configure:11047: test -s conftest
configure:11050: $? = 0
configure:11061: result: yes
configure:11075: checking if you want wide-character code
configure:11085: result: no
configure:12391: checking whether to enable _LP64 definition in curses.h
configure:12401: result: yes
configure:12417: checking for special C compiler options needed for large files
configure:12491: result: no
configure:12497: checking for _FILE_OFFSET_BITS value needed for large files
configure:12525: gcc -c -g -O2 -D_DEFAULT_SOURCE -D_XOPEN_SOURCE=600 conftest.c >&5
configure:12528: $? = 0
configure:12531: test -s conftest.o
configure:12534: $? = 0
configure:12584: result: no
configure:12594: checking for _LARGE_FILES value needed for large files
configure:12622: gcc -c -g -O2 -D_DEFAULT_SOURCE -D_XOPEN_SOURCE=600 conftest.c >&5
configure:12625: $? = 0
configure:12628: test -s conftest.o
configure:12631: $? = 0
configure:12681: result: no
configure:12694: checking for _LARGEFILE_SOURCE value needed for large files
configure:12714: gcc -c -g -O2 -D_DEFAULT_SOURCE -D_XOPEN_SOURCE=600 conftest.c >&5
configure:12717: $? = 0
configure:12720: test -s conftest.o
configure:12723: $? = 0
configure:12765: result: no
configure:12779: checking for fseeko
configure:12797: gcc -o conftest -g -O2 -D_DEFAULT_SOURCE -D_XOPEN_SOURCE=600  conftest.c  >&5
configure:12800: $? = 0
configure:12803: test -s conftest
configure:12806: $? = 0
configure:12816: result: yes
configure:12855: checking whether to use struct dirent64
configure:12884: gcc -c -g -O2 -D_DEFAULT_SOURCE -D_XOPEN_SOURCE=600 conftest.c >&5
configure: In function 'main':
configure:12873:28: error: conflicting types for 'readdir'
   /* if transitional largefile support is setup, this is true */
                            ^~~~~~~
In file included from configure:12866:0:
/usr/include/dirent.h:162:23: note: previous declaration of 'readdir' was here
 extern struct dirent *readdir (DIR *__dirp) __nonnull ((1));
                       ^~~~~~~
configure:12875:22: error: initialization from incompatible pointer type [-Werror=incompatible-pointer-types]
   struct dirent64 *x = readdir((DIR *)0);
                      ^~~~~~~
configure:12876:13: error: invalid operands to binary - (have 'struct dirent64 *' and 'struct dirent *')
   struct dirent *y = readdir((DIR *)0);
             ^
cc1: some warnings being treated as errors
configure:12887: $? = 1
configure: failed program was:
#line 12862 "configure"
#include "confdefs.h"

#pragma GCC diagnostic error "-Wincompatible-pointer-types"
#include <sys/types.h>
#include <dirent.h>

int
main (void)
{

		/* if transitional largefile support is setup, this is true */
		extern struct dirent64 * readdir(DIR *);
		struct dirent64 *x = readdir((DIR *)0);
		struct dirent *y = readdir((DIR *)0);
		int z = x - y;

  ;
  return 0;
}
configure:12904: result: no
configure:12914: checking if you want tparm not to use X/Open fixed-parameter list
configure:12924: result: yes
configure:12948: checking if you want to suppress wattr* macros to help with ncurses5/ncurses6 transition
configure:12964: result: no
configure:12968: checking for X11 rgb file
configure:13040: result: /usr/share/X11/rgb.txt
configure:13054: checking for type of bool
configure:13064: result: auto
configure:13067: checking for alternate terminal capabilities file
configure:13078: result: Caps
configure:13082: checking for type of chtype
configure:13092: result: uint32_t
configure:13096: checking for type of ospeed
configure:13106: result: short
configure:13110: checking for type of mmask_t
configure:13120: result: uint32_t
configure:13124: checking for size CCHARW_MAX
configure:13134: result: 5
configure:13137: checking for ANSI C header files
configure:13151: gcc -E -D_DEFAULT_SOURCE -D_XOPEN_SOURCE=600 conftest.c
configure:13157: $? = 0
configure:13244: gcc -o conftest -g -O2 -D_DEFAULT_SOURCE -D_XOPEN_SOURCE=600  conftest.c  >&5
configure:13247: $? = 0
configure:13249: ./conftest
configure:13252: $? = 0
configure:13265: result: yes
configure:13281: checking for sys/types.h
configure:13293: gcc -c -g -O2 -D_DEFAULT_SOURCE -D_XOPEN_SOURCE=600 conftest.c >&5
configure:13296: $? = 0
configure:13299: test -s conftest.o
configure:13302: $? = 0
configure:13312: result: yes
configure:13281: checking for sys/stat.h
configure:13293: gcc -c -g -O2 -D_DEFAULT_SOURCE -D_XOPEN_SOURCE=600 conftest.c >&5
configure:13296: $? = 0
configure:13299: test -s conftest.o
configure:13302: $? = 0
configure:13312: result: yes
configure:13281: checking for stdlib.h
configure:13293: gcc -c -g -O2 -D_DEFAULT_SOURCE -D_XOPEN_SOURCE=600 conftest.c >&5
configure:13296: $? = 0
configure:13299: test -s conftest.o
configure:13302: $? = 0
configure:13312: result: yes
configure:13281: checking for string.h
configure:13293: gcc -c -g -O2 -D_DEFAULT_SOURCE -D_XOPEN_SOURCE=600 conftest.c >&5
configure:13296: $? = 0
configure:13299: test -s conftest.o
configure:13302: $? = 0
configure:13312: result: yes
configure:13281: checking for memory.h
configure:13293: gcc -c -g -O2 -D_DEFAULT_SOURCE -D_XOPEN_SOURCE=600 conftest.c >&5
configure:13296: $? = 0
configure:13299: test -s conftest.o
configure:13302: $? = 0
configure:13312: result: yes
configure:13281: checking for strings.h
configure:13293: gcc -c -g -O2 -D_DEFAULT_SOURCE -D_XOPEN_SOURCE=600 conftest.c >&5
configure:13296: $? = 0
configure:13299: test -s conftest.o
configure:13302: $? = 0
configure:13312: result: yes
configure:13281: checking for inttypes.h
configure:13293: gcc -c -g -O2 -D_DEFAULT_SOURCE -D_XOPEN_SOURCE=600 conftest.c >&5
configure:13296: $? = 0
configure:13299: test -s conftest.o
configure:13302: $? = 0
configure:13312: result: yes
configure:13281: checking for stdint.h
configure:13293: gcc -c -g -O2 -D_DEFAULT_SOURCE -D_XOPEN_SOURCE=600 conftest.c >&5
configure:13296: $? = 0
configure:13299: test -s conftest.o
configure:13302: $? = 0
configure:13312: result: yes
configure:13281: checking for unistd.h
configure:13312: result: yes
configure:13322: checking for signed char
configure:13343: gcc -c -g -O2 -D_DEFAULT_SOURCE -D_XOPEN_SOURCE=600 conftest.c >&5
configure:13346: $? = 0
configure:13349: test -s conftest.o
configure:13352: $? = 0
configure:13362: result: yes
configure:13365: checking size of signed char
configure:13529: gcc -o conftest -g -O2 -D_DEFAULT_SOURCE -D_XOPEN_SOURCE=600  conftest.c  >&5
configure: In function 'main':
configure:13554:13: warning: format '%d' expects argument of type 'int', but argument 3 has type 'long unsigned int' [-Wformat=]
 echo "${ECHO_T}$ac_cv_sizeof_signed_char" >&6
             ^~~~
configure:13532: $? = 0
configure:13534: ./conftest
configure:13537: $? = 0
configure:13553: result: 1
configure:13564: checking if you want to use signed Boolean array in term.h
configure:13574: result: no
configure:13579: checking for type of tparm args
configure:13589: result: intptr_t
configure:13593: checking if RCS identifiers should be compiled-in
configure:13603: result: no
configure:13612: checking format of man-pages
configure:13701: result:  gzip
configure:13708: checking for manpage renaming
configure:13750: result: /home/steven/dotfiles/TMUX/ncurses/man/man_db.renames
configure:13753: checking if manpage aliases will be installed
configure:13764: result: yes
configure:13778: checking if manpage symlinks should be used
configure:13797: result: yes
configure:13801: checking for manpage tbl
configure:13812: result: no
configure:14145: checking if you want to build with function extensions
configure:14155: result: yes
configure:14215: checking if you want to build with SCREEN extensions
configure:14225: result: yes
configure:14244: checking if you want to build with terminal-driver
configure:14254: result: no
configure:14275: checking for extended use of const keyword
configure:14285: result: yes
configure:14293: checking if you want to use extended colors
configure:14303: result: yes
configure:14308: WARNING: This option applies only to wide-character library
configure:14346: checking if you want to use extended mouse encoding
configure:14356: result: yes
configure:14376: checking if you want to use extended putwin/screendump
configure:14386: result: yes
configure:14396: checking if you want $NCURSES_NO_PADDING code
configure:14406: result: yes
configure:14414: checking if you want SIGWINCH handler
configure:14424: result: yes
configure:14432: checking if you want user-definable terminal capabilities like termcap
configure:14442: result: yes
configure:14449: checking if you want to link with the pthread library
configure:14459: result: no
configure:14801: checking if you want reentrant code
configure:14811: result: no
configure:14911: checking if you want opaque curses-library structures
configure:14933: result: no
configure:14942: checking if you want opaque form-library structures
configure:14952: result: no
configure:14955: checking if you want opaque menu-library structures
configure:14965: result: no
configure:14968: checking if you want opaque panel-library structures
configure:14978: result: no
configure:15011: checking if you want all development code
configure:15021: result: no
configure:15025: checking if you want hard-tabs code
configure:15035: result: no
configure:15043: checking if you want limited support for xmc
configure:15053: result: no
configure:15063: checking if you do not want to assume colors are white-on-black
configure:15073: result: yes
configure:15081: checking if you want hashmap scrolling-optimization code
configure:15091: result: yes
configure:15099: checking if you want colorfgbg code
configure:15109: result: no
configure:15117: checking if you want interop bindings
configure:15127: result: yes
configure:15133: checking if you want experimental safe-sprintf code
configure:15143: result: no
configure:15168: checking if you want wgetch-events code
configure:15178: result: no
configure:15189: checking if you want to see long compiling messages
configure:15223: result: yes
configure:15236: checking if you want to install stripped executables
configure:15253: result: yes
configure:15264: checking if install accepts -p option
configure:15295: result: yes
configure:15298: checking if install needs to be told about ownership
configure:15309: result: no
configure:15333: checking if you want to see compiler warnings
configure:15341: result: 
configure:15893: checking for gcc __attribute__ directives...
checking for gcc __attribute__((scanf))
configure:15945: gcc -c -g -O2 -D_DEFAULT_SOURCE -D_XOPEN_SOURCE=600 conftest.c >&5
configure:15948: $? = 0
checking for gcc __attribute__((printf))
configure:15945: gcc -c -g -O2 -D_DEFAULT_SOURCE -D_XOPEN_SOURCE=600 conftest.c >&5
configure:15948: $? = 0
checking for gcc __attribute__((unused))
configure:15945: gcc -c -g -O2 -D_DEFAULT_SOURCE -D_XOPEN_SOURCE=600 conftest.c >&5
configure:15948: $? = 0
checking for gcc __attribute__((noreturn))
configure:15945: gcc -c -g -O2 -D_DEFAULT_SOURCE -D_XOPEN_SOURCE=600 conftest.c >&5
configure:15948: $? = 0
configure:16009: checking if you want to work around bogus compiler/loader warnings
configure:16019: result: no
configure:16291: checking if you want to enable runtime assertions
configure:16301: result: no
configure:16317: checking if you want to use dmalloc for testing
configure:16334: result: no
configure:16549: checking if you want to use dbmalloc for testing
configure:16566: result: no
configure:16781: checking if you want to use valgrind for testing
configure:16798: result: no
configure:16911: checking if you want to perform memory-leak testing
configure:16921: result: no
configure:16973: checking whether to add trace feature to all models
configure:16983: result: no
configure:17097: checking if we want to use GNAT projects
configure:17114: result: yes
configure:17124: checking for gettimeofday
configure:17161: gcc -o conftest -g -O2 -D_DEFAULT_SOURCE -D_XOPEN_SOURCE=600 -DNDEBUG  conftest.c  >&5
configure:17164: $? = 0
configure:17167: test -s conftest
configure:17170: $? = 0
configure:17180: result: yes
configure:17267: checking if -lm needed for math functions
configure:17290: gcc -o conftest -g -O2 -D_DEFAULT_SOURCE -D_XOPEN_SOURCE=600 -DNDEBUG  conftest.c  >&5
/tmp/ccbXsr7U.o: In function `main':
/home/steven/dotfiles/TMUX/ncurses/configure:17283: undefined reference to `sin'
/home/steven/dotfiles/TMUX/ncurses/configure:17283: undefined reference to `pow'
collect2: error: ld returned 1 exit status
configure:17293: $? = 1
configure: failed program was:
#line 17274 "configure"
#include "confdefs.h"

	#include <stdio.h>
	#include <stdlib.h>
	#include <math.h>

int
main (void)
{
double x = rand(); printf("result = %g\n", pow(sin(x),x))
  ;
  return 0;
}
configure:17309: result: yes
configure:17317: checking for ANSI C header files
configure:17445: result: yes
configure:17458: checking for dirent.h that defines DIR
configure:17479: gcc -c -g -O2 -D_DEFAULT_SOURCE -D_XOPEN_SOURCE=600 -DNDEBUG conftest.c >&5
configure:17482: $? = 0
configure:17485: test -s conftest.o
configure:17488: $? = 0
configure:17498: result: yes
configure:17511: checking for opendir in -ldir
configure:17538: gcc -o conftest -g -O2 -D_DEFAULT_SOURCE -D_XOPEN_SOURCE=600 -DNDEBUG  conftest.c -ldir   >&5
/usr/bin/ld: cannot find -ldir
collect2: error: ld returned 1 exit status
configure:17541: $? = 1
configure: failed program was:
#line 17519 "configure"
#include "confdefs.h"

/* Override any gcc2 internal prototype to avoid an error.  */
#ifdef __cplusplus
extern "C"
#endif
/* We use char because int might match the return type of a gcc2
   builtin and then its argument prototype would still apply.  */
char opendir ();
int
main (void)
{
opendir ();
  ;
  return 0;
}
configure:17558: result: no
configure:17620: checking whether time.h and sys/time.h may both be included
configure:17642: gcc -c -g -O2 -D_DEFAULT_SOURCE -D_XOPEN_SOURCE=600 -DNDEBUG conftest.c >&5
configure:17645: $? = 0
configure:17648: test -s conftest.o
configure:17651: $? = 0
configure:17661: result: yes
configure:17680: checking for regcomp
configure:17717: gcc -o conftest -g -O2 -D_DEFAULT_SOURCE -D_XOPEN_SOURCE=600 -DNDEBUG  conftest.c  >&5
configure:17720: $? = 0
configure:17723: test -s conftest
configure:17726: $? = 0
configure:17736: result: yes
configure:17962: checking for regular-expression headers
configure:18033: gcc -o conftest -g -O2 -D_DEFAULT_SOURCE -D_XOPEN_SOURCE=600 -DNDEBUG  conftest.c  >&5
configure:18036: $? = 0
configure:18039: test -s conftest
configure:18042: $? = 0
configure:18058: result: regex.h
configure:18101: checking for fcntl.h
configure:18111: gcc -E -D_DEFAULT_SOURCE -D_XOPEN_SOURCE=600 -DNDEBUG conftest.c
configure:18117: $? = 0
configure:18136: result: yes
configure:18101: checking for getopt.h
configure:18111: gcc -E -D_DEFAULT_SOURCE -D_XOPEN_SOURCE=600 -DNDEBUG conftest.c
configure:18117: $? = 0
configure:18136: result: yes
configure:18101: checking for limits.h
configure:18111: gcc -E -D_DEFAULT_SOURCE -D_XOPEN_SOURCE=600 -DNDEBUG conftest.c
configure:18117: $? = 0
configure:18136: result: yes
configure:18101: checking for locale.h
configure:18111: gcc -E -D_DEFAULT_SOURCE -D_XOPEN_SOURCE=600 -DNDEBUG conftest.c
configure:18117: $? = 0
configure:18136: result: yes
configure:18101: checking for math.h
configure:18111: gcc -E -D_DEFAULT_SOURCE -D_XOPEN_SOURCE=600 -DNDEBUG conftest.c
configure:18117: $? = 0
configure:18136: result: yes
configure:18101: checking for poll.h
configure:18111: gcc -E -D_DEFAULT_SOURCE -D_XOPEN_SOURCE=600 -DNDEBUG conftest.c
configure:18117: $? = 0
configure:18136: result: yes
configure:18101: checking for sys/bsdtypes.h
configure:18111: gcc -E -D_DEFAULT_SOURCE -D_XOPEN_SOURCE=600 -DNDEBUG conftest.c
configure:18108:10: fatal error: sys/bsdtypes.h: No such file or directory
 #include "confdefs.h"
          ^~~~~~~~~~~~    
compilation terminated.
configure:18117: $? = 1
configure: failed program was:
#line 18107 "configure"
#include "confdefs.h"
#include <sys/bsdtypes.h>
configure:18136: result: no
configure:18101: checking for sys/ioctl.h
configure:18111: gcc -E -D_DEFAULT_SOURCE -D_XOPEN_SOURCE=600 -DNDEBUG conftest.c
configure:18117: $? = 0
configure:18136: result: yes
configure:18101: checking for sys/param.h
configure:18111: gcc -E -D_DEFAULT_SOURCE -D_XOPEN_SOURCE=600 -DNDEBUG conftest.c
configure:18117: $? = 0
configure:18136: result: yes
configure:18101: checking for sys/poll.h
configure:18111: gcc -E -D_DEFAULT_SOURCE -D_XOPEN_SOURCE=600 -DNDEBUG conftest.c
configure:18117: $? = 0
configure:18136: result: yes
configure:18101: checking for sys/select.h
configure:18111: gcc -E -D_DEFAULT_SOURCE -D_XOPEN_SOURCE=600 -DNDEBUG conftest.c
configure:18117: $? = 0
configure:18136: result: yes
configure:18101: checking for sys/time.h
configure:18111: gcc -E -D_DEFAULT_SOURCE -D_XOPEN_SOURCE=600 -DNDEBUG conftest.c
configure:18117: $? = 0
configure:18136: result: yes
configure:18101: checking for sys/times.h
configure:18111: gcc -E -D_DEFAULT_SOURCE -D_XOPEN_SOURCE=600 -DNDEBUG conftest.c
configure:18117: $? = 0
configure:18136: result: yes
configure:18101: checking for ttyent.h
configure:18111: gcc -E -D_DEFAULT_SOURCE -D_XOPEN_SOURCE=600 -DNDEBUG conftest.c
configure:18117: $? = 0
configure:18136: result: yes
configure:18101: checking for unistd.h
configure:18136: result: yes
configure:18101: checking for wctype.h
configure:18111: gcc -E -D_DEFAULT_SOURCE -D_XOPEN_SOURCE=600 -DNDEBUG conftest.c
configure:18117: $? = 0
configure:18136: result: yes
configure:18149: checking for unistd.h
configure:18184: result: yes
configure:18149: checking for getopt.h
configure:18184: result: yes
configure:18194: checking for header declaring getopt variables
configure:18217: gcc -c -g -O2 -D_DEFAULT_SOURCE -D_XOPEN_SOURCE=600 -DNDEBUG conftest.c >&5
configure: In function 'main':
configure:18210:9: error: 'optind' undeclared (first use in this function); did you mean 'rewind'?
 {
         ^     
         rewind
configure:18210:9: note: each undeclared identifier is reported only once for each function it appears in
configure:18210:27: error: 'optarg' undeclared (first use in this function); did you mean 'optind'?
 {
                           ^     
                           optind
configure:18220: $? = 1
configure: failed program was:
#line 18204 "configure"
#include "confdefs.h"

#include <stdio.h>
int
main (void)
{
int x = optind; char *y = optarg
  ;
  return 0;
}
configure:18217: gcc -c -g -O2 -D_DEFAULT_SOURCE -D_XOPEN_SOURCE=600 -DNDEBUG conftest.c >&5
configure: In function 'main':
configure:18210:9: error: 'optind' undeclared (first use in this function)
 {
         ^     
configure:18210:9: note: each undeclared identifier is reported only once for each function it appears in
configure:18210:27: error: 'optarg' undeclared (first use in this function); did you mean 'optind'?
 {
                           ^     
                           optind
configure:18220: $? = 1
configure: failed program was:
#line 18204 "configure"
#include "confdefs.h"

#include <stdlib.h>
int
main (void)
{
int x = optind; char *y = optarg
  ;
  return 0;
}
configure:18217: gcc -c -g -O2 -D_DEFAULT_SOURCE -D_XOPEN_SOURCE=600 -DNDEBUG conftest.c >&5
configure:18220: $? = 0
configure:18223: test -s conftest.o
configure:18226: $? = 0
configure:18238: result: unistd.h
configure:18255: checking if external environ is declared
configure:18278: gcc -c -g -O2 -D_DEFAULT_SOURCE -D_XOPEN_SOURCE=600 -DNDEBUG conftest.c >&5
configure: In function 'main':
configure:18271:15: error: 'environ' undeclared (first use in this function); did you mean '__environ'?
 {
               ^      
               __environ
configure:18271:15: note: each undeclared identifier is reported only once for each function it appears in
configure:18281: $? = 1
configure: failed program was:
#line 18262 "configure"
#include "confdefs.h"

#ifdef HAVE_STDLIB_H
#include <stdlib.h>
#endif
#include <unistd.h>
int
main (void)
{
int x = (int) environ
  ;
  return 0;
}
configure:18298: result: no
configure:18313: checking if external environ exists
configure:18335: gcc -o conftest -g -O2 -D_DEFAULT_SOURCE -D_XOPEN_SOURCE=600 -DNDEBUG  conftest.c  >&5
configure:18338: $? = 0
configure:18341: test -s conftest
configure:18344: $? = 0
configure:18355: result: yes
configure:18368: checking for getenv
configure:18405: gcc -o conftest -g -O2 -D_DEFAULT_SOURCE -D_XOPEN_SOURCE=600 -DNDEBUG  conftest.c  >&5
configure:18408: $? = 0
configure:18411: test -s conftest
configure:18414: $? = 0
configure:18424: result: yes
configure:18430: checking for putenv
configure:18467: gcc -o conftest -g -O2 -D_DEFAULT_SOURCE -D_XOPEN_SOURCE=600 -DNDEBUG  conftest.c  >&5
configure:18470: $? = 0
configure:18473: test -s conftest
configure:18476: $? = 0
configure:18486: result: yes
configure:18430: checking for setenv
configure:18467: gcc -o conftest -g -O2 -D_DEFAULT_SOURCE -D_XOPEN_SOURCE=600 -DNDEBUG  conftest.c  >&5
configure:18470: $? = 0
configure:18473: test -s conftest
configure:18476: $? = 0
configure:18486: result: yes
configure:18430: checking for strdup
configure:18467: gcc -o conftest -g -O2 -D_DEFAULT_SOURCE -D_XOPEN_SOURCE=600 -DNDEBUG  conftest.c  >&5
configure:18447:6: warning: conflicting types for built-in function 'strdup' [-Wbuiltin-declaration-mismatch]
    builtin and then its argument prototype would still apply.  */
      ^~~~~~
configure:18470: $? = 0
configure:18473: test -s conftest
configure:18476: $? = 0
configure:18486: result: yes
configure:18496: checking if getenv returns consistent values
configure:18615: gcc -o conftest -g -O2 -D_DEFAULT_SOURCE -D_XOPEN_SOURCE=600 -DNDEBUG  conftest.c  >&5
configure:18618: $? = 0
configure:18620: ./conftest
configure:18623: $? = 0
configure:18636: result: yes
configure:18780: checking if sys/time.h works with sys/select.h
configure:18807: gcc -c -g -O2 -D_DEFAULT_SOURCE -D_XOPEN_SOURCE=600 -DNDEBUG conftest.c >&5
configure:18810: $? = 0
configure:18813: test -s conftest.o
configure:18816: $? = 0
configure:18828: result: yes
configure:18843: checking for an ANSI C-conforming const
configure:18907: gcc -c -g -O2 -D_DEFAULT_SOURCE -D_XOPEN_SOURCE=600 -DNDEBUG conftest.c >&5
configure:18910: $? = 0
configure:18913: test -s conftest.o
configure:18916: $? = 0
configure:18926: result: yes
configure:18936: checking for inline
configure:18953: gcc -c -g -O2 -D_DEFAULT_SOURCE -D_XOPEN_SOURCE=600 -DNDEBUG conftest.c >&5
configure:18956: $? = 0
configure:18959: test -s conftest.o
configure:18962: $? = 0
configure:18973: result: inline
configure:18999: checking if gcc supports options to tune inlining
configure:19020: gcc -c -g -O2 --param max-inline-insns-single=1200 -D_DEFAULT_SOURCE -D_XOPEN_SOURCE=600 -DNDEBUG conftest.c >&5
configure:19023: $? = 0
configure:19026: test -s conftest.o
configure:19029: $? = 0
configure:19041: result: yes
configure:19147: checking for signal global datatype
configure:19182: gcc -c -g -O2 --param max-inline-insns-single=1200 -D_DEFAULT_SOURCE -D_XOPEN_SOURCE=600 -DNDEBUG conftest.c >&5
configure:19185: $? = 0
configure:19188: test -s conftest.o
configure:19191: $? = 0
configure:19205: result: volatile sig_atomic_t
configure:19294: checking if unsigned literals are legal
configure:19313: gcc -c -g -O2 --param max-inline-insns-single=1200 -D_DEFAULT_SOURCE -D_XOPEN_SOURCE=600 -DNDEBUG conftest.c >&5
configure:19316: $? = 0
configure:19319: test -s conftest.o
configure:19322: $? = 0
configure:19334: result: yes
configure:19350: checking if external errno is declared
configure:19375: gcc -c -g -O2 --param max-inline-insns-single=1200 -D_DEFAULT_SOURCE -D_XOPEN_SOURCE=600 -DNDEBUG conftest.c >&5
configure:19378: $? = 0
configure:19381: test -s conftest.o
configure:19384: $? = 0
configure:19395: result: yes
configure:19410: checking if external errno exists
configure:19432: gcc -o conftest -g -O2 --param max-inline-insns-single=1200 -D_DEFAULT_SOURCE -D_XOPEN_SOURCE=600 -DNDEBUG  conftest.c  >&5
/usr/bin/ld: errno: TLS definition in /lib/x86_64-linux-gnu/libc.so.6 section .tbss mismatches non-TLS reference in /tmp/ccnYiDmE.o
/lib/x86_64-linux-gnu/libc.so.6: error adding symbols: Bad value
collect2: error: ld returned 1 exit status
configure:19435: $? = 1
configure: failed program was:
#line 19417 "configure"
#include "confdefs.h"

#undef errno
extern int errno;

int
main (void)
{
errno = 2
  ;
  return 0;
}
configure:19452: result: no
configure:19465: checking if data-only library module links
configure:19476: gcc -c -g -O2 --param max-inline-insns-single=1200 -D_DEFAULT_SOURCE -D_XOPEN_SOURCE=600 -DNDEBUG conftest.c >&5
configure:19479: $? = 0
configure:19499: gcc -c -g -O2 --param max-inline-insns-single=1200 -D_DEFAULT_SOURCE -D_XOPEN_SOURCE=600 -DNDEBUG conftest.c >&5
configure:19502: $? = 0
configure:19526: gcc -o conftest -g -O2 --param max-inline-insns-single=1200 -D_DEFAULT_SOURCE -D_XOPEN_SOURCE=600 -DNDEBUG  conftest.c conftest.a  >&5
configure:19529: $? = 0
configure:19531: ./conftest
configure:19534: $? = 0
configure:19549: result: yes
configure:19591: checking for getcwd
configure:19628: gcc -o conftest -g -O2 --param max-inline-insns-single=1200 -D_DEFAULT_SOURCE -D_XOPEN_SOURCE=600 -DNDEBUG  conftest.c  >&5
configure:19631: $? = 0
configure:19634: test -s conftest
configure:19637: $? = 0
configure:19647: result: yes
configure:19591: checking for getegid
configure:19628: gcc -o conftest -g -O2 --param max-inline-insns-single=1200 -D_DEFAULT_SOURCE -D_XOPEN_SOURCE=600 -DNDEBUG  conftest.c  >&5
configure:19631: $? = 0
configure:19634: test -s conftest
configure:19637: $? = 0
configure:19647: result: yes
configure:19591: checking for geteuid
configure:19628: gcc -o conftest -g -O2 --param max-inline-insns-single=1200 -D_DEFAULT_SOURCE -D_XOPEN_SOURCE=600 -DNDEBUG  conftest.c  >&5
configure:19631: $? = 0
configure:19634: test -s conftest
configure:19637: $? = 0
configure:19647: result: yes
configure:19591: checking for getopt
configure:19628: gcc -o conftest -g -O2 --param max-inline-insns-single=1200 -D_DEFAULT_SOURCE -D_XOPEN_SOURCE=600 -DNDEBUG  conftest.c  >&5
configure:19631: $? = 0
configure:19634: test -s conftest
configure:19637: $? = 0
configure:19647: result: yes
configure:19591: checking for getttynam
configure:19628: gcc -o conftest -g -O2 --param max-inline-insns-single=1200 -D_DEFAULT_SOURCE -D_XOPEN_SOURCE=600 -DNDEBUG  conftest.c  >&5
configure:19631: $? = 0
configure:19634: test -s conftest
configure:19637: $? = 0
configure:19647: result: yes
configure:19591: checking for issetugid
configure:19628: gcc -o conftest -g -O2 --param max-inline-insns-single=1200 -D_DEFAULT_SOURCE -D_XOPEN_SOURCE=600 -DNDEBUG  conftest.c  >&5
/tmp/ccDFlyci.o: In function `main':
/home/steven/dotfiles/TMUX/ncurses/configure:19621: undefined reference to `issetugid'
collect2: error: ld returned 1 exit status
configure:19631: $? = 1
configure: failed program was:
#line 19597 "configure"
#include "confdefs.h"
#define issetugid autoconf_temporary
#include <limits.h>	/* least-intrusive standard header which defines gcc2 __stub macros */
#undef issetugid

#ifdef __cplusplus
extern "C"
#endif

/* We use char because int might match the return type of a gcc2
   builtin and then its argument prototype would still apply.  */
char issetugid (void);

int
main (void)
{

/* The GNU C library defines stubs for functions which it implements
    to always fail with ENOSYS.  Some functions are actually named
    something starting with __ and the normal name is an alias.  */
#if defined (__stub_issetugid) || defined (__stub___issetugid)
#error found stub for issetugid
#endif

	return issetugid ();
  ;
  return 0;
}
configure:19647: result: no
configure:19591: checking for localeconv
configure:19628: gcc -o conftest -g -O2 --param max-inline-insns-single=1200 -D_DEFAULT_SOURCE -D_XOPEN_SOURCE=600 -DNDEBUG  conftest.c  >&5
configure:19631: $? = 0
configure:19634: test -s conftest
configure:19637: $? = 0
configure:19647: result: yes
configure:19591: checking for poll
configure:19628: gcc -o conftest -g -O2 --param max-inline-insns-single=1200 -D_DEFAULT_SOURCE -D_XOPEN_SOURCE=600 -DNDEBUG  conftest.c  >&5
configure:19631: $? = 0
configure:19634: test -s conftest
configure:19637: $? = 0
configure:19647: result: yes
configure:19591: checking for putenv
configure:19647: result: yes
configure:19591: checking for remove
configure:19647: result: yes
configure:19591: checking for select
configure:19628: gcc -o conftest -g -O2 --param max-inline-insns-single=1200 -D_DEFAULT_SOURCE -D_XOPEN_SOURCE=600 -DNDEBUG  conftest.c  >&5
configure:19631: $? = 0
configure:19634: test -s conftest
configure:19637: $? = 0
configure:19647: result: yes
configure:19591: checking for setbuf
configure:19628: gcc -o conftest -g -O2 --param max-inline-insns-single=1200 -D_DEFAULT_SOURCE -D_XOPEN_SOURCE=600 -DNDEBUG  conftest.c  >&5
configure:19631: $? = 0
configure:19634: test -s conftest
configure:19637: $? = 0
configure:19647: result: yes
configure:19591: checking for setbuffer
configure:19628: gcc -o conftest -g -O2 --param max-inline-insns-single=1200 -D_DEFAULT_SOURCE -D_XOPEN_SOURCE=600 -DNDEBUG  conftest.c  >&5
configure:19631: $? = 0
configure:19634: test -s conftest
configure:19637: $? = 0
configure:19647: result: yes
configure:19591: checking for setenv
configure:19647: result: yes
configure:19591: checking for setvbuf
configure:19628: gcc -o conftest -g -O2 --param max-inline-insns-single=1200 -D_DEFAULT_SOURCE -D_XOPEN_SOURCE=600 -DNDEBUG  conftest.c  >&5
configure:19631: $? = 0
configure:19634: test -s conftest
configure:19637: $? = 0
configure:19647: result: yes
configure:19591: checking for sigaction
configure:19628: gcc -o conftest -g -O2 --param max-inline-insns-single=1200 -D_DEFAULT_SOURCE -D_XOPEN_SOURCE=600 -DNDEBUG  conftest.c  >&5
configure:19631: $? = 0
configure:19634: test -s conftest
configure:19637: $? = 0
configure:19647: result: yes
configure:19591: checking for sigvec
configure:19628: gcc -o conftest -g -O2 --param max-inline-insns-single=1200 -D_DEFAULT_SOURCE -D_XOPEN_SOURCE=600 -DNDEBUG  conftest.c  >&5
/tmp/cc8ifzqM.o: In function `main':
/home/steven/dotfiles/TMUX/ncurses/configure:19621: undefined reference to `sigvec'
collect2: error: ld returned 1 exit status
configure:19631: $? = 1
configure: failed program was:
#line 19597 "configure"
#include "confdefs.h"
#define sigvec autoconf_temporary
#include <limits.h>	/* least-intrusive standard header which defines gcc2 __stub macros */
#undef sigvec

#ifdef __cplusplus
extern "C"
#endif

/* We use char because int might match the return type of a gcc2
   builtin and then its argument prototype would still apply.  */
char sigvec (void);

int
main (void)
{

/* The GNU C library defines stubs for functions which it implements
    to always fail with ENOSYS.  Some functions are actually named
    something starting with __ and the normal name is an alias.  */
#if defined (__stub_sigvec) || defined (__stub___sigvec)
#error found stub for sigvec
#endif

	return sigvec ();
  ;
  return 0;
}
configure:19647: result: no
configure:19591: checking for strdup
configure:19647: result: yes
configure:19591: checking for strstr
configure:19628: gcc -o conftest -g -O2 --param max-inline-insns-single=1200 -D_DEFAULT_SOURCE -D_XOPEN_SOURCE=600 -DNDEBUG  conftest.c  >&5
configure:19608:6: warning: conflicting types for built-in function 'strstr' [-Wbuiltin-declaration-mismatch]
    builtin and then its argument prototype would still apply.  */
      ^~~~~~
configure:19631: $? = 0
configure:19634: test -s conftest
configure:19637: $? = 0
configure:19647: result: yes
configure:19591: checking for sysconf
configure:19628: gcc -o conftest -g -O2 --param max-inline-insns-single=1200 -D_DEFAULT_SOURCE -D_XOPEN_SOURCE=600 -DNDEBUG  conftest.c  >&5
configure:19631: $? = 0
configure:19634: test -s conftest
configure:19637: $? = 0
configure:19647: result: yes
configure:19591: checking for tcgetpgrp
configure:19628: gcc -o conftest -g -O2 --param max-inline-insns-single=1200 -D_DEFAULT_SOURCE -D_XOPEN_SOURCE=600 -DNDEBUG  conftest.c  >&5
configure:19631: $? = 0
configure:19634: test -s conftest
configure:19637: $? = 0
configure:19647: result: yes
configure:19591: checking for times
configure:19628: gcc -o conftest -g -O2 --param max-inline-insns-single=1200 -D_DEFAULT_SOURCE -D_XOPEN_SOURCE=600 -DNDEBUG  conftest.c  >&5
configure:19631: $? = 0
configure:19634: test -s conftest
configure:19637: $? = 0
configure:19647: result: yes
configure:19591: checking for tsearch
configure:19628: gcc -o conftest -g -O2 --param max-inline-insns-single=1200 -D_DEFAULT_SOURCE -D_XOPEN_SOURCE=600 -DNDEBUG  conftest.c  >&5
configure:19631: $? = 0
configure:19634: test -s conftest
configure:19637: $? = 0
configure:19647: result: yes
configure:19591: checking for vsnprintf
configure:19628: gcc -o conftest -g -O2 --param max-inline-insns-single=1200 -D_DEFAULT_SOURCE -D_XOPEN_SOURCE=600 -DNDEBUG  conftest.c  >&5
configure:19608:6: warning: conflicting types for built-in function 'vsnprintf' [-Wbuiltin-declaration-mismatch]
    builtin and then its argument prototype would still apply.  */
      ^~~~~~~~~
configure:19631: $? = 0
configure:19634: test -s conftest
configure:19637: $? = 0
configure:19647: result: yes
configure:19802: checking for isascii
configure:19821: gcc -o conftest -g -O2 --param max-inline-insns-single=1200 -D_DEFAULT_SOURCE -D_XOPEN_SOURCE=600 -DNDEBUG  conftest.c  >&5
configure:19824: $? = 0
configure:19827: test -s conftest
configure:19830: $? = 0
configure:19841: result: yes
configure:19849: checking whether sigaction needs _POSIX_SOURCE
configure:19866: gcc -c -g -O2 --param max-inline-insns-single=1200 -D_DEFAULT_SOURCE -D_XOPEN_SOURCE=600 -DNDEBUG conftest.c >&5
configure:19869: $? = 0
configure:19872: test -s conftest.o
configure:19875: $? = 0
configure:19923: result: no
configure:19927: checking if nanosleep really works
configure:19962: gcc -o conftest -g -O2 --param max-inline-insns-single=1200 -D_DEFAULT_SOURCE -D_XOPEN_SOURCE=600 -DNDEBUG  conftest.c  >&5
configure:19965: $? = 0
configure:19967: ./conftest
configure:19970: $? = 0
configure:19982: result: yes
configure:19999: checking for termio.h
configure:20009: gcc -E -D_DEFAULT_SOURCE -D_XOPEN_SOURCE=600 -DNDEBUG conftest.c
configure:20015: $? = 0
configure:20034: result: yes
configure:19999: checking for termios.h
configure:20009: gcc -E -D_DEFAULT_SOURCE -D_XOPEN_SOURCE=600 -DNDEBUG conftest.c
configure:20015: $? = 0
configure:20034: result: yes
configure:19999: checking for unistd.h
configure:20034: result: yes
configure:19999: checking for sys/ioctl.h
configure:20034: result: yes
configure:19999: checking for sys/termio.h
configure:20009: gcc -E -D_DEFAULT_SOURCE -D_XOPEN_SOURCE=600 -DNDEBUG conftest.c
configure:20006:10: fatal error: sys/termio.h: No such file or directory
 #include "confdefs.h"
          ^~~~~~~~~~~~  
compilation terminated.
configure:20015: $? = 1
configure: failed program was:
#line 20005 "configure"
#include "confdefs.h"
#include <sys/termio.h>
configure:20034: result: no
configure:20051: checking whether termios.h needs _POSIX_SOURCE
configure:20066: gcc -c -g -O2 --param max-inline-insns-single=1200 -D_DEFAULT_SOURCE -D_XOPEN_SOURCE=600 -DNDEBUG conftest.c >&5
configure:20069: $? = 0
configure:20072: test -s conftest.o
configure:20075: $? = 0
configure:20122: result: no
configure:20127: checking for tcgetattr
configure:20162: gcc -o conftest -g -O2 --param max-inline-insns-single=1200 -D_DEFAULT_SOURCE -D_XOPEN_SOURCE=600 -DNDEBUG  conftest.c  >&5
configure:20165: $? = 0
configure:20168: test -s conftest
configure:20171: $? = 0
configure:20181: result: yes
configure:20188: checking for vsscanf function or workaround
configure:20211: gcc -o conftest -g -O2 --param max-inline-insns-single=1200 -D_DEFAULT_SOURCE -D_XOPEN_SOURCE=600 -DNDEBUG  conftest.c  >&5
configure:20214: $? = 0
configure:20217: test -s conftest
configure:20220: $? = 0
configure:20313: result: vsscanf
configure:20339: checking for unistd.h
configure:20374: result: yes
configure:20384: checking for working mkstemp
configure:20436: gcc -o conftest -g -O2 --param max-inline-insns-single=1200 -D_DEFAULT_SOURCE -D_XOPEN_SOURCE=600 -DNDEBUG  conftest.c  >&5
configure:20439: $? = 0
configure:20441: ./conftest
configure:20444: $? = 0
configure:20459: result: yes
configure:20542: checking whether setvbuf arguments are reversed
configure:20570: gcc -o conftest -g -O2 --param max-inline-insns-single=1200 -D_DEFAULT_SOURCE -D_XOPEN_SOURCE=600 -DNDEBUG  conftest.c  >&5
configure: In function 'main':
configure:20562:23: warning: passing argument 2 of 'setvbuf' makes pointer from integer without a cast [-Wint-conversion]
      is not _IOLBF, _IONBF, or _IOFBF, and return nonzero.  */
                       ^~~~~~
In file included from configure:20554:0:
/usr/include/stdio.h:294:12: note: expected 'char * restrict' but argument is of type 'int'
 extern int setvbuf (FILE *__restrict __stream, char *__restrict __buf,
            ^~~~~~~
configure:20562:31: warning: passing argument 3 of 'setvbuf' makes integer from pointer without a cast [-Wint-conversion]
      is not _IOLBF, _IONBF, or _IOFBF, and return nonzero.  */
                               ^
In file included from configure:20554:0:
/usr/include/stdio.h:294:12: note: expected 'int' but argument is of type 'char *'
 extern int setvbuf (FILE *__restrict __stream, char *__restrict __buf,
            ^~~~~~~
configure:20573: $? = 0
configure:20575: ./conftest
configure:20578: $? = 1
configure: program exited with status 1
configure: failed program was:
#line 20553 "configure"
#include "confdefs.h"
#include <stdio.h>
/* If setvbuf has the reversed format, exit 0. */
int
main (void)
{
  /* This call has the arguments reversed.
     A reversed system may check and see that the address of main
     is not _IOLBF, _IONBF, or _IOFBF, and return nonzero.  */
  if (setvbuf(stdout, _IOLBF, (char *) main, BUFSIZ) != 0)
    return(1);
  putc('\r', stdout);
  return(0);			/* Non-reversed systems segv here.  */
}
configure:20591: result: no
configure:20602: checking for intptr_t
configure:20623: gcc -c -g -O2 --param max-inline-insns-single=1200 -D_DEFAULT_SOURCE -D_XOPEN_SOURCE=600 -DNDEBUG conftest.c >&5
configure:20626: $? = 0
configure:20629: test -s conftest.o
configure:20632: $? = 0
configure:20642: result: yes
configure:20654: checking for ssize_t
configure:20675: gcc -c -g -O2 --param max-inline-insns-single=1200 -D_DEFAULT_SOURCE -D_XOPEN_SOURCE=600 -DNDEBUG conftest.c >&5
configure:20678: $? = 0
configure:20681: test -s conftest.o
configure:20684: $? = 0
configure:20694: result: yes
configure:20706: checking for type sigaction_t
configure:20726: gcc -c -g -O2 --param max-inline-insns-single=1200 -D_DEFAULT_SOURCE -D_XOPEN_SOURCE=600 -DNDEBUG conftest.c >&5
configure: In function 'main':
configure:20719:1: error: unknown type name 'sigaction_t'; did you mean 'siginfo_t'?
 {
 ^          
 siginfo_t
configure:20729: $? = 1
configure: failed program was:
#line 20713 "configure"
#include "confdefs.h"

#include <signal.h>
int
main (void)
{
sigaction_t x
  ;
  return 0;
}
configure:20746: result: no
configure:20753: checking declaration of size-change
configure:20820: gcc -c -g -O2 --param max-inline-insns-single=1200 -D_DEFAULT_SOURCE -D_XOPEN_SOURCE=600 -DNDEBUG conftest.c >&5
configure:20823: $? = 0
configure:20826: test -s conftest.o
configure:20829: $? = 0
size-change succeeded ()
configure:20848: result: yes
configure:20866: checking for memmove
configure:20903: gcc -o conftest -g -O2 --param max-inline-insns-single=1200 -D_DEFAULT_SOURCE -D_XOPEN_SOURCE=600 -DNDEBUG  conftest.c  >&5
configure:20883:6: warning: conflicting types for built-in function 'memmove' [-Wbuiltin-declaration-mismatch]
    builtin and then its argument prototype would still apply.  */
      ^~~~~~~
configure:20906: $? = 0
configure:20909: test -s conftest
configure:20912: $? = 0
configure:20922: result: yes
configure:21126: checking if poll really works
configure:21188: gcc -o conftest -g -O2 --param max-inline-insns-single=1200 -D_DEFAULT_SOURCE -D_XOPEN_SOURCE=600 -DNDEBUG  conftest.c  >&5
configure:21191: $? = 0
configure:21193: ./conftest
configure:21196: $? = 0
configure:21208: result: yes
configure:21215: checking for va_copy
configure:21239: gcc -o conftest -g -O2 --param max-inline-insns-single=1200 -D_DEFAULT_SOURCE -D_XOPEN_SOURCE=600 -DNDEBUG  conftest.c  >&5
configure:21242: $? = 0
configure:21245: test -s conftest
configure:21248: $? = 0
configure:21258: result: yes
configure:21488: checking for pid_t
configure:21509: gcc -c -g -O2 --param max-inline-insns-single=1200 -D_DEFAULT_SOURCE -D_XOPEN_SOURCE=600 -DNDEBUG conftest.c >&5
configure:21512: $? = 0
configure:21515: test -s conftest.o
configure:21518: $? = 0
configure:21528: result: yes
configure:21543: checking for unistd.h
configure:21578: result: yes
configure:21543: checking for vfork.h
configure:21553: gcc -E -D_DEFAULT_SOURCE -D_XOPEN_SOURCE=600 -DNDEBUG conftest.c
configure:21550:10: fatal error: vfork.h: No such file or directory
 #include "confdefs.h"
          ^~~~~~~~~
compilation terminated.
configure:21559: $? = 1
configure: failed program was:
#line 21549 "configure"
#include "confdefs.h"
#include <vfork.h>
configure:21578: result: no
configure:21591: checking for fork
configure:21628: gcc -o conftest -g -O2 --param max-inline-insns-single=1200 -D_DEFAULT_SOURCE -D_XOPEN_SOURCE=600 -DNDEBUG  conftest.c  >&5
configure:21608:6: warning: conflicting types for built-in function 'fork' [-Wbuiltin-declaration-mismatch]
    builtin and then its argument prototype would still apply.  */
      ^~~~
configure:21631: $? = 0
configure:21634: test -s conftest
configure:21637: $? = 0
configure:21647: result: yes
configure:21591: checking for vfork
configure:21628: gcc -o conftest -g -O2 --param max-inline-insns-single=1200 -D_DEFAULT_SOURCE -D_XOPEN_SOURCE=600 -DNDEBUG  conftest.c  >&5
configure:21631: $? = 0
configure:21634: test -s conftest
configure:21637: $? = 0
configure:21647: result: yes
configure:21659: checking for working fork
configure:21702: result: yes
configure:21721: checking for working vfork
configure:21847: result: yes
configure:21878: checking if fopen accepts explicit binary mode
configure:21921: gcc -o conftest -g -O2 --param max-inline-insns-single=1200 -D_DEFAULT_SOURCE -D_XOPEN_SOURCE=600 -DNDEBUG  conftest.c  >&5
configure:21924: $? = 0
configure:21926: ./conftest
configure:21929: $? = 0
configure:21942: result: yes
configure:21950: checking for openpty in -lutil
configure:21977: gcc -o conftest -g -O2 --param max-inline-insns-single=1200 -D_DEFAULT_SOURCE -D_XOPEN_SOURCE=600 -DNDEBUG  conftest.c -lutil   >&5
configure:21980: $? = 0
configure:21983: test -s conftest
configure:21986: $? = 0
configure:21997: result: yes
configure:22005: checking for openpty header
configure:22049: gcc -o conftest -g -O2 --param max-inline-insns-single=1200 -D_DEFAULT_SOURCE -D_XOPEN_SOURCE=600 -DNDEBUG  conftest.c -lutil >&5
configure:22052: $? = 0
configure:22055: test -s conftest
configure:22058: $? = 0
configure:22076: result: pty.h
configure:22718: checking if we should include stdbool.h
configure:22738: gcc -c -O2 --param max-inline-insns-single=1200 -D_DEFAULT_SOURCE -D_XOPEN_SOURCE=600 -DNDEBUG conftest.c >&5
configure: In function 'main':
configure:22731:1: error: unknown type name 'bool'; did you mean '_Bool'?
 {
 ^   
 _Bool
configure:22731:12: error: 'false' undeclared (first use in this function)
 {
            ^    
configure:22731:12: note: each undeclared identifier is reported only once for each function it appears in
configure:22741: $? = 1
configure: failed program was:
#line 22726 "configure"
#include "confdefs.h"

int
main (void)
{
bool foo = false
  ;
  return 0;
}
configure:22770: gcc -c -O2 --param max-inline-insns-single=1200 -D_DEFAULT_SOURCE -D_XOPEN_SOURCE=600 -DNDEBUG conftest.c >&5
configure:22773: $? = 0
configure:22776: test -s conftest.o
configure:22779: $? = 0
configure:22793: result: yes
configure:22799: checking for builtin bool type
configure:22822: gcc -c -O2 --param max-inline-insns-single=1200 -D_DEFAULT_SOURCE -D_XOPEN_SOURCE=600 -DNDEBUG conftest.c >&5
configure: In function 'main':
configure:22815:1: error: unknown type name 'bool'; did you mean '_Bool'?
 {
 ^   
 _Bool
configure:22815:10: error: 'false' undeclared (first use in this function); did you mean 'fclose'?
 {
          ^    
          fclose
configure:22815:10: note: each undeclared identifier is reported only once for each function it appears in
configure:22825: $? = 1
configure: failed program was:
#line 22807 "configure"
#include "confdefs.h"

#include <stdio.h>
#include <sys/types.h>

int
main (void)
{
bool x = false
  ;
  return 0;
}
configure:22846: result: no
configure:22863: checking if we already have C++ library
configure:22880: /usr/bin/g++ -o conftest -O2 -D_DEFAULT_SOURCE -D_XOPEN_SOURCE=600 -DNDEBUG  conftest.cc   >&5
configure:22883: $? = 0
configure:22886: test -s conftest
configure:22889: $? = 0
configure:22898: result: yes
configure:23000: checking whether /usr/bin/g++ understands -c and -o together
configure:23015: /usr/bin/g++ -O2 -D_DEFAULT_SOURCE -D_XOPEN_SOURCE=600 -DNDEBUG -c conftest.cc -o conftest2.o >&5
configure:23018: $? = 0
configure:23020: /usr/bin/g++ -O2 -D_DEFAULT_SOURCE -D_XOPEN_SOURCE=600 -DNDEBUG -c conftest.cc -o conftest2.o >&5
configure:23023: $? = 0
configure:23034: result: yes
configure:23210: checking how to run the C++ preprocessor
configure:23232: /usr/bin/g++ -E -D_DEFAULT_SOURCE -D_XOPEN_SOURCE=600 -DNDEBUG conftest.cc
configure:23238: $? = 0
configure:23265: /usr/bin/g++ -E -D_DEFAULT_SOURCE -D_XOPEN_SOURCE=600 -DNDEBUG conftest.cc
configure:23262:10: fatal error: ac_nonexistent.h: No such file or directory
 #include "confdefs.h"
          ^~~~~~~~~~~~      
compilation terminated.
configure:23271: $? = 1
configure: failed program was:
#line 23261 "configure"
#include "confdefs.h"
#include <ac_nonexistent.h>
configure:23308: result: /usr/bin/g++ -E
configure:23323: /usr/bin/g++ -E -D_DEFAULT_SOURCE -D_XOPEN_SOURCE=600 -DNDEBUG conftest.cc
configure:23329: $? = 0
configure:23356: /usr/bin/g++ -E -D_DEFAULT_SOURCE -D_XOPEN_SOURCE=600 -DNDEBUG conftest.cc
configure:23353:10: fatal error: ac_nonexistent.h: No such file or directory
 #include "confdefs.h"
          ^~~~~~~~~~~~      
compilation terminated.
configure:23362: $? = 1
configure: failed program was:
#line 23352 "configure"
#include "confdefs.h"
#include <ac_nonexistent.h>
configure:23405: checking for typeinfo
configure:23415: /usr/bin/g++ -E -D_DEFAULT_SOURCE -D_XOPEN_SOURCE=600 -DNDEBUG conftest.cc
configure:23421: $? = 0
configure:23440: result: yes
configure:23453: checking for iostream
configure:23463: /usr/bin/g++ -E -D_DEFAULT_SOURCE -D_XOPEN_SOURCE=600 -DNDEBUG conftest.cc
configure:23469: $? = 0
configure:23488: result: yes
configure:23499: checking if iostream uses std-namespace
configure:23519: /usr/bin/g++ -c -O2 -D_DEFAULT_SOURCE -D_XOPEN_SOURCE=600 -DNDEBUG conftest.cc >&5
configure:23522: $? = 0
configure:23525: test -s conftest.o
configure:23528: $? = 0
configure:23537: result: yes
configure:23548: checking if we should include stdbool.h
configure:23623: result: yes
configure:23629: checking for builtin bool type
configure:23652: /usr/bin/g++ -c -O2 -D_DEFAULT_SOURCE -D_XOPEN_SOURCE=600 -DNDEBUG conftest.cc >&5
configure:23655: $? = 0
configure:23658: test -s conftest.o
configure:23661: $? = 0
configure:23674: result: yes
configure:23680: checking for size of bool
configure:23733: /usr/bin/g++ -o conftest -O2 -D_DEFAULT_SOURCE -D_XOPEN_SOURCE=600 -DNDEBUG  conftest.cc  >&5
configure:23736: $? = 0
configure:23738: ./conftest
configure:23741: $? = 0
configure:23759: result: unsigned char
configure:23770: checking for special defines needed for etip.h
configure:23802: /usr/bin/g++ -c -O2 -I./c++ -I./menu -Iinclude -I./include -D_DEFAULT_SOURCE -D_XOPEN_SOURCE=600 -DNDEBUG conftest.cc >&5
configure:23805: $? = 0
configure:23808: test -s conftest.o
configure:23811: $? = 0
configure:23832: result:  
configure:23837: checking if /usr/bin/g++ accepts parameter initialization
configure:23873: /usr/bin/g++ -o conftest -O2 -D_DEFAULT_SOURCE -D_XOPEN_SOURCE=600 -DNDEBUG  conftest.cc  >&5
configure:23864:21: error: default argument given for parameter 1 of 'TEST::TEST(int)' [-fpermissive]
 
                     ^
configure:23860:2: note: previous specification in 'TEST::TEST(int)' here
 public:
  ^~~~
configure:23876: $? = 1
configure: program exited with status 1
configure: failed program was:
#line 23854 "configure"
#include "confdefs.h"

class TEST {
private:
	int value;
public:
	TEST(int x = 1);
	~TEST();
};

TEST::TEST(int x = 1)	// some compilers do not like second initializer
{
	value = x;
}
int main(void) { }

configure:23900: result: no
configure:23910: checking if /usr/bin/g++ accepts static_cast
configure:23968: /usr/bin/g++ -c -O2 -D_DEFAULT_SOURCE -D_XOPEN_SOURCE=600 -DNDEBUG conftest.cc >&5
configure:23971: $? = 0
configure:23974: test -s conftest.o
configure:23977: $? = 0
configure:23995: result: yes
configure:24182: checking for gnatmake
configure:24206: result: no
configure:25006: checking for library subsets
configure:25048: result: ticlib+termlib+ext_tinfo+base+ext_funcs
configure:25079: checking default library suffix
configure:25090: result: 
configure:25093: checking default library-dependency suffix
configure:25151: result: .a
configure:25154: checking default object directory
configure:25170: result: objects
configure:25174: checking c++ library-dependency suffix
configure:25242: result: .a
configure:25418: checking if linker supports switching between static/dynamic
configure:25427: /usr/bin/g++ -c -O2 -I. -I../include -D_DEFAULT_SOURCE -D_XOPEN_SOURCE=600 -DNDEBUG conftest.cc >&5
configure:25430: $? = 0
configure:25459: /usr/bin/g++ -o conftest -O2 -I. -I../include -D_DEFAULT_SOURCE -D_XOPEN_SOURCE=600 -DNDEBUG  conftest.cc -static -L/home/steven/dotfiles/TMUX/ncurses -lconftest   >&5
configure:25462: $? = 0
configure:25465: test -s conftest
configure:25468: $? = 0
configure:25491: result: no
configure:25507: checking where we will install curses.h
configure:25517: result: ${prefix}/include/ncurses
configure:25543: checking for src modules
configure:25608: result: ncurses progs panel menu form
configure:25885: checking for defines to add to ncurses6-config script
configure:25901: result:  -D_DEFAULT_SOURCE -D_XOPEN_SOURCE=600
configure:26074: creating ./config.status

## ----------------------- ##
## Running config.status.  ##
## ----------------------- ##

This file was extended by config.status 2.52.20181006, executed with
  CONFIG_FILES    = 
  CONFIG_HEADERS  = 
  CONFIG_LINKS    = 
  CONFIG_COMMANDS = 
  > ./config.status 
on Hyperion

config.status:26884: creating include/MKterm.h.awk
config.status:26884: creating include/curses.head
config.status:26884: creating include/ncurses_dll.h
config.status:26884: creating include/termcap.h
config.status:26884: creating include/unctrl.h
config.status:26884: creating man/Makefile
config.status:26884: creating include/Makefile
config.status:26884: creating ncurses/Makefile
config.status:26884: creating progs/Makefile
config.status:26884: creating panel/Makefile
config.status:26884: creating menu/Makefile
config.status:26884: creating form/Makefile
config.status:26884: creating test/Makefile
config.status:26884: creating misc/Makefile
config.status:26884: creating c++/Makefile
config.status:26884: creating misc/run_tic.sh
config.status:26884: creating misc/ncurses-config
config.status:26884: creating man/ncurses6-config.1
config.status:26884: creating Makefile
config.status:27037: creating include/ncurses_cfg.h

## ----------------- ##
## Cache variables.  ##
## ----------------- ##

ac_cv_build='x86_64-pc-linux-gnu'
ac_cv_build_alias='x86_64-pc-linux-gnu'
ac_cv_c_compiler_gnu='yes'
ac_cv_c_const='yes'
ac_cv_c_inline='inline'
ac_cv_cxx_compiler_gnu='yes'
ac_cv_env_CC_set=''
ac_cv_env_CC_value=''
ac_cv_env_CFLAGS_set=''
ac_cv_env_CFLAGS_value=''
ac_cv_env_CPPFLAGS_set=''
ac_cv_env_CPPFLAGS_value=''
ac_cv_env_CPP_set=''
ac_cv_env_CPP_value=''
ac_cv_env_CXXCPP_set=''
ac_cv_env_CXXCPP_value=''
ac_cv_env_CXXFLAGS_set=''
ac_cv_env_CXXFLAGS_value=''
ac_cv_env_CXX_set=''
ac_cv_env_CXX_value=''
ac_cv_env_LDFLAGS_set=''
ac_cv_env_LDFLAGS_value=''
ac_cv_env_build_alias_set=''
ac_cv_env_build_alias_value=''
ac_cv_env_host_alias_set=''
ac_cv_env_host_alias_value=''
ac_cv_env_target_alias_set=''
ac_cv_env_target_alias_value=''
ac_cv_func_fork='yes'
ac_cv_func_fork_works='yes'
ac_cv_func_fseeko='yes'
ac_cv_func_getcwd='yes'
ac_cv_func_getegid='yes'
ac_cv_func_getenv='yes'
ac_cv_func_geteuid='yes'
ac_cv_func_getopt='yes'
ac_cv_func_gettimeofday='yes'
ac_cv_func_getttynam='yes'
ac_cv_func_issetugid='no'
ac_cv_func_link='yes'
ac_cv_func_localeconv='yes'
ac_cv_func_memmove='yes'
ac_cv_func_poll='yes'
ac_cv_func_putenv='yes'
ac_cv_func_regcomp='yes'
ac_cv_func_remove='yes'
ac_cv_func_select='yes'
ac_cv_func_setbuf='yes'
ac_cv_func_setbuffer='yes'
ac_cv_func_setenv='yes'
ac_cv_func_setvbuf='yes'
ac_cv_func_setvbuf_reversed='no'
ac_cv_func_sigaction='yes'
ac_cv_func_sigvec='no'
ac_cv_func_strdup='yes'
ac_cv_func_strstr='yes'
ac_cv_func_symlink='yes'
ac_cv_func_sysconf='yes'
ac_cv_func_tcgetpgrp='yes'
ac_cv_func_times='yes'
ac_cv_func_tsearch='yes'
ac_cv_func_unlink='yes'
ac_cv_func_vfork='yes'
ac_cv_func_vfork_works='yes'
ac_cv_func_vsnprintf='yes'
ac_cv_header_dirent_dirent_h='yes'
ac_cv_header_fcntl_h='yes'
ac_cv_header_getopt_h='yes'
ac_cv_header_gpm_h='no'
ac_cv_header_inttypes_h='yes'
ac_cv_header_iostream='yes'
ac_cv_header_limits_h='yes'
ac_cv_header_locale_h='yes'
ac_cv_header_math_h='yes'
ac_cv_header_memory_h='yes'
ac_cv_header_poll_h='yes'
ac_cv_header_stdc='yes'
ac_cv_header_stdint_h='yes'
ac_cv_header_stdlib_h='yes'
ac_cv_header_string_h='yes'
ac_cv_header_strings_h='yes'
ac_cv_header_sys_bsdtypes_h='no'
ac_cv_header_sys_ioctl_h='yes'
ac_cv_header_sys_param_h='yes'
ac_cv_header_sys_poll_h='yes'
ac_cv_header_sys_select_h='yes'
ac_cv_header_sys_stat_h='yes'
ac_cv_header_sys_termio_h='no'
ac_cv_header_sys_time_h='yes'
ac_cv_header_sys_times_h='yes'
ac_cv_header_sys_types_h='yes'
ac_cv_header_termio_h='yes'
ac_cv_header_termios_h='yes'
ac_cv_header_time='yes'
ac_cv_header_ttyent_h='yes'
ac_cv_header_typeinfo='yes'
ac_cv_header_unistd_h='yes'
ac_cv_header_vfork_h='no'
ac_cv_header_wctype_h='yes'
ac_cv_host='x86_64-pc-linux-gnu'
ac_cv_host_alias='x86_64-pc-linux-gnu'
ac_cv_lib_dir_opendir='no'
ac_cv_lib_util_openpty='yes'
ac_cv_objext='o'
ac_cv_path_CXX='/usr/bin/g++'
ac_cv_path_LDCONFIG='/sbin/ldconfig'
ac_cv_path_ac_pt_PKG_CONFIG='/usr/bin/pkg-config'
ac_cv_path_install='/usr/bin/install -c'
ac_cv_prog_AWK='mawk'
ac_cv_prog_CPP='gcc -E'
ac_cv_prog_CXXCPP='/usr/bin/g++ -E'
ac_cv_prog_MAKE_LOWER_TAGS='no'
ac_cv_prog_MAKE_UPPER_TAGS='no'
ac_cv_prog_ac_ct_AR='ar'
ac_cv_prog_ac_ct_CC='gcc'
ac_cv_prog_ac_ct_CXX='g++'
ac_cv_prog_ac_ct_LD='ld'
ac_cv_prog_ac_ct_NM='nm'
ac_cv_prog_ac_ct_RANLIB='ranlib'
ac_cv_prog_cc_g='yes'
ac_cv_prog_cc_stdc=''
ac_cv_prog_cxx_g='yes'
ac_cv_prog_egrep='grep -E'
ac_cv_prog_gcc_traditional='no'
ac_cv_prog_gnatmake_exists='no'
ac_cv_prog_make_make_set='yes'
ac_cv_sizeof_signed_char='1'
ac_cv_sys_file_offset_bits='no'
ac_cv_sys_large_files='no'
ac_cv_sys_largefile_CC='no'
ac_cv_sys_largefile_source='no'
ac_cv_sys_long_file_names='yes'
ac_cv_target='x86_64-pc-linux-gnu'
ac_cv_target_alias='x86_64-pc-linux-gnu'
ac_cv_type_intptr_t='yes'
ac_cv_type_pid_t='yes'
ac_cv_type_signed_char='yes'
ac_cv_type_ssize_t='yes'
am_cv_langinfo_codeset='yes'
cf_cv_1UL='1U'
cf_cv_abi_version='6'
cf_cv_ar_flags='-curvU'
cf_cv_builtin_bool='1'
cf_cv_cc_bool_type='0'
cf_cv_consistent_getenv='yes'
cf_cv_cpp_param_init='no'
cf_cv_cpp_static_cast='yes'
cf_cv_dcl_environ='no'
cf_cv_dcl_errno='yes'
cf_cv_define_sigwinch='yes'
cf_cv_do_reranlib='no'
cf_cv_do_symlinks='yes'
cf_cv_enable_lp64='1'
cf_cv_enable_opaque='NCURSES_OPAQUE'
cf_cv_enable_reentrant='0'
cf_cv_fopen_bin_r='yes'
cf_cv_func_mkstemp='yes'
cf_cv_func_nanosleep='yes'
cf_cv_func_openpty='pty.h'
cf_cv_func_vsscanf='vsscanf'
cf_cv_gcc_inline='yes'
cf_cv_getopt_header='unistd.h'
cf_cv_gnu_dftsrc_219='yes'
cf_cv_gnu_library='yes'
cf_cv_gnu_library_219='yes'
cf_cv_have_environ='yes'
cf_cv_have_errno='no'
cf_cv_have_isascii='yes'
cf_cv_have_tcgetattr='yes'
cf_cv_have_va_copy='yes'
cf_cv_header_stdbool_h='1'
cf_cv_install_p='yes'
cf_cv_lib_util='yes'
cf_cv_link_dataonly='yes'
cf_cv_link_funcs=' link symlink'
cf_cv_makeflags=''
cf_cv_mixedcase='yes'
cf_cv_need_libm='yes'
cf_cv_posix_visible='no'
cf_cv_prog_CC_c_o='yes'
cf_cv_prog_CXX_c_o='yes'
cf_cv_prog_gnat_correct='no'
cf_cv_regex_hdrs='regex.h'
cf_cv_rel_version='6.1'
cf_cv_rm_so_locs='no'
cf_cv_shared_soname='`basename $@ .${REL_VERSION}`.${ABI_VERSION}'
cf_cv_shlib_version='rel'
cf_cv_shlib_version_infix='no'
cf_cv_sig_atomic_t='volatile sig_atomic_t'
cf_cv_sizechange='yes'
cf_cv_src_modules='ncurses progs panel menu form'
cf_cv_struct_dirent64='no'
cf_cv_sys_time_select='yes'
cf_cv_system_name='linux-gnu'
cf_cv_timestamp='Wed Jul 24 09:27:55 PDT 2019'
cf_cv_type_of_bool='unsigned char'
cf_cv_type_sigaction='no'
cf_cv_typeof_chtype='uint32_t'
cf_cv_typeof_mmask_t='uint32_t'
cf_cv_unsigned_literals='yes'
cf_cv_working_poll='yes'

## ------------ ##
## confdefs.h.  ##
## ------------ ##

#define PACKAGE "ncurses"
#define NCURSES_VERSION "6.1"
#define NCURSES_PATCHDATE 20190720
#define SYSTEM_NAME "linux-gnu"
#ifdef __cplusplus
#include <stdlib.h>
#endif
#define HAVE_LONG_FILE_NAMES 1
#define MIXEDCASE_FILENAMES 1
#define TERMINFO_DIRS "/home/steven/dotfiles/TMUX/ncurses/../build//share/terminfo"
#define TERMINFO "/home/steven/dotfiles/TMUX/ncurses/../build//share/terminfo"
#define HAVE_BIG_CORE 1
#define PURE_TERMINFO 1
#define USE_HOME_TERMINFO 1
#define USE_ROOT_ENVIRON 1
#define HAVE_UNISTD_H 1
#define HAVE_REMOVE 1
#define HAVE_UNLINK 1
#define HAVE_LINK 1
#define HAVE_SYMLINK 1
#define USE_LINKS 1
#define HAVE_LANGINFO_CODESET 1
#define HAVE_FSEEKO 1
#define RGB_PATH "/usr/share/X11/rgb.txt"
#define STDC_HEADERS 1
#define HAVE_SYS_TYPES_H 1
#define HAVE_SYS_STAT_H 1
#define HAVE_STDLIB_H 1
#define HAVE_STRING_H 1
#define HAVE_MEMORY_H 1
#define HAVE_STRINGS_H 1
#define HAVE_INTTYPES_H 1
#define HAVE_STDINT_H 1
#define HAVE_UNISTD_H 1
#define SIZEOF_SIGNED_CHAR 1
#define NCURSES_EXT_FUNCS 1
#define HAVE_ASSUME_DEFAULT_COLORS 1
#define HAVE_CURSES_VERSION 1
#define HAVE_HAS_KEY 1
#define HAVE_RESIZETERM 1
#define HAVE_RESIZE_TERM 1
#define HAVE_TERM_ENTRY_H 1
#define HAVE_USE_DEFAULT_COLORS 1
#define HAVE_USE_EXTENDED_NAMES 1
#define HAVE_USE_SCREEN 1
#define HAVE_USE_WINDOW 1
#define HAVE_WRESIZE 1
#define NCURSES_SP_FUNCS 1
#define HAVE_TPUTS_SP 1
#define NCURSES_EXT_PUTWIN 1
#define NCURSES_NO_PADDING 1
#define USE_SIGWINCH 1
#define NCURSES_WRAP_PREFIX "_nc_"
#define USE_ASSUMED_COLOR 1
#define USE_HASHMAP 1
#define GCC_SCANF 1
#define GCC_SCANF 1
#define GCC_SCANFLIKE(fmt,var) __attribute__((format(scanf,fmt,var)))
#define GCC_PRINTF 1
#define GCC_PRINTF 1
#define GCC_PRINTFLIKE(fmt,var) __attribute__((format(printf,fmt,var)))
#define GCC_UNUSED __attribute__((unused))
#define GCC_UNUSED __attribute__((unused))
#define GCC_NORETURN __attribute__((noreturn))
#define GCC_NORETURN __attribute__((noreturn))
#define HAVE_NC_ALLOC_H 1
#define HAVE_GETTIMEOFDAY 1
#define STDC_HEADERS 1
#define HAVE_DIRENT_H 1
#define TIME_WITH_SYS_TIME 1
#define HAVE_REGEX_H_FUNCS 1
#define HAVE_FCNTL_H 1
#define HAVE_GETOPT_H 1
#define HAVE_LIMITS_H 1
#define HAVE_LOCALE_H 1
#define HAVE_MATH_H 1
#define HAVE_POLL_H 1
#define HAVE_SYS_IOCTL_H 1
#define HAVE_SYS_PARAM_H 1
#define HAVE_SYS_POLL_H 1
#define HAVE_SYS_SELECT_H 1
#define HAVE_SYS_TIME_H 1
#define HAVE_SYS_TIMES_H 1
#define HAVE_TTYENT_H 1
#define HAVE_UNISTD_H 1
#define HAVE_WCTYPE_H 1
#define HAVE_UNISTD_H 1
#define HAVE_GETOPT_H 1
#define HAVE_GETOPT_HEADER 1
#define DECL_ENVIRON 1
#define HAVE_ENVIRON 1
#define HAVE_PUTENV 1
#define HAVE_SETENV 1
#define HAVE_STRDUP 1
#define HAVE_SYS_TIME_SELECT 1
#define SIG_ATOMIC_T volatile sig_atomic_t
#define HAVE_GETCWD 1
#define HAVE_GETEGID 1
#define HAVE_GETEUID 1
#define HAVE_GETOPT 1
#define HAVE_GETTTYNAM 1
#define HAVE_LOCALECONV 1
#define HAVE_POLL 1
#define HAVE_PUTENV 1
#define HAVE_REMOVE 1
#define HAVE_SELECT 1
#define HAVE_SETBUF 1
#define HAVE_SETBUFFER 1
#define HAVE_SETENV 1
#define HAVE_SETVBUF 1
#define HAVE_SIGACTION 1
#define HAVE_STRDUP 1
#define HAVE_STRSTR 1
#define HAVE_SYSCONF 1
#define HAVE_TCGETPGRP 1
#define HAVE_TIMES 1
#define HAVE_TSEARCH 1
#define HAVE_VSNPRINTF 1
#define HAVE_ISASCII 1
#define HAVE_NANOSLEEP 1
#define HAVE_TERMIO_H 1
#define HAVE_TERMIOS_H 1
#define HAVE_UNISTD_H 1
#define HAVE_SYS_IOCTL_H 1
#define HAVE_TCGETATTR 1
#define HAVE_VSSCANF 1
#define HAVE_UNISTD_H 1
#define HAVE_MKSTEMP 1
#define HAVE_SIZECHANGE 1
#define HAVE_WORKING_POLL 1
#define HAVE_VA_COPY 1
#define HAVE_UNISTD_H 1
#define HAVE_FORK 1
#define HAVE_VFORK 1
#define HAVE_WORKING_VFORK 1
#define HAVE_WORKING_FORK 1
#define USE_FOPEN_BIN_R 1
#define USE_OPENPTY_HEADER <pty.h>
#define USE_XTERM_PTY 1
#define HAVE_TYPEINFO 1
#define HAVE_IOSTREAM 1
#define IOSTREAM_NAMESPACE 1
#define CPP_HAS_STATIC_CAST 1
#define HAVE_SLK_COLOR 1
#define HAVE_PANEL_H 1
#define HAVE_LIBPANEL 1
#define HAVE_MENU_H 1
#define HAVE_LIBMENU 1
#define HAVE_FORM_H 1
#define HAVE_LIBFORM 1
#define NCURSES_PATHSEP ':'
#define NCURSES_VERSION_STRING "6.1.20190720"
#define NCURSES_OSPEED_COMPAT 1
#define HAVE_CURSES_DATA_BOOLNAMES 1


configure: exit 0
